-------------------------------------------------------------------------------
Test set: cucumberOptions.JunitTestRunnerTest
-------------------------------------------------------------------------------
Tests run: 5, Failures: 1, Errors: 0, Skipped: 0, Time elapsed: 28.862 s <<< FAILURE! - in cucumberOptions.JunitTestRunnerTest
Search Experience for products search in home and offers page #2(Search and place order for products)  Time elapsed: 6.24 s  <<< FAILURE!
org.junit.ComparisonFailure: expected:<[Beetroot]> but was:<[No data]>

