-------------------------------------------------------------------------------
Test set: Search and place order for products
-------------------------------------------------------------------------------
Tests run: 2, Failures: 1, Errors: 0, Skipped: 0, Time elapsed: 13.35 s <<< FAILURE! - in Search and place order for products
Search Experience for products search in home and offers page #2(Search and place order for products)  Time elapsed: 6.197 s  <<< FAILURE!
org.junit.ComparisonFailure: expected:<[Beetroot]> but was:<[No data]>

