<?xml version="1.0" encoding="UTF-8"?>
<testsuite xmlns:xsi="http://www.w3.org/2001/XMLSchema-instance" xsi:noNamespaceSchemaLocation="https://maven.apache.org/surefire/maven-surefire-plugin/xsd/surefire-test-report.xsd" name="Search and place order for products" time="13.35" tests="2" errors="0" skipped="0" failures="1">
  <properties>
[...]
</properties>
  <testcase name="Search Experience for products search in home and offers page #1" classname="Search and place order for products" time="7.153"/>
  <testcase name="Search Experience for products search in home and offers page #2" classname="Search and place order for products" time="6.197">
    <failure message="expected:&lt;[Beetroot]&gt; but was:&lt;[No data]&gt;" type="org.junit.ComparisonFailure"><![CDATA[org.junit.ComparisonFailure: expected:<[Beetroot]> but was:<[No data]>
]]></failure>
    <system-out><![CDATA[Product Name: Beetroot
Landing Product Name: Beetroot
Offer Product Name: No data
]]></system-out>
  </testcase>
</testsuite>